24 417 144
573 5 144
505 50 144
755 322 171
713 156 171
72 308 128
188 284 128
357 869 171
403 594 142
622 379 142
800 400 171
500 713 171
545 220 144
532 912 179
537 156 144
310 719 171
862 177 171
995 835 179
432 275 144
595 735 171
936 844 179
195 500 144
912 690 179
80 955 179
788 52 171
170 47 122
653 629 145
808 225 171
478 974 179
716 867 153
517 854 171
98 854 171
696 349 145
290 710 171
736 430 171
144 730 171
15 755 171
636 10 144
122 690 145
675 794 171
963 548 179
610 795 171
909 366 179
545 89 144
524 841 171
444 999 179
1 469 144
809 253 171
216 50 125
519 948 179
702 174 145
596 576 119
794 307 171
32 220 125
918 256 179
11 508 144
786 263 171
112 195 125
437 367 134
701 485 145
873 640 179
752 303 171
514 603 137
527 947 179
11 268 128
316 855 171
493 64 144
955 613 179
892 849 179
482 205 144
665 80 145
700 174 145
525 369 142
241 235 128
433 978 179
870 682 171
599 54 144
636 249 144
860 854 148
376 553 142
525 879 179
798 469 171
722 671 171
395 35 144
123 400 144
222 184 120
886 823 179
329 571 142
274 382 144
514 383 142
676 21 145
601 524 137
107 440 144
197 104 125
922 658 179
495 942 179
265 959 179
594 272 144
600 198 144
918 81 179
